c:\users\tjdtj\onedrive\바탕 화면\모델링에 텍스쳐\debug\vc141.pdb
c:\users\tjdtj\onedrive\바탕 화면\모델링에 텍스쳐\debug\vc141.idb
c:\users\tjdtj\onedrive\바탕 화면\모델링에 텍스쳐\debug\timer.obj
c:\users\tjdtj\onedrive\바탕 화면\모델링에 텍스쳐\debug\shader.obj
c:\users\tjdtj\onedrive\바탕 화면\모델링에 텍스쳐\debug\scene.obj
c:\users\tjdtj\onedrive\바탕 화면\모델링에 텍스쳐\debug\player.obj
c:\users\tjdtj\onedrive\바탕 화면\모델링에 텍스쳐\debug\object.obj
c:\users\tjdtj\onedrive\바탕 화면\모델링에 텍스쳐\debug\mesh.obj
c:\users\tjdtj\onedrive\바탕 화면\모델링에 텍스쳐\debug\labproject07-9-1.obj
c:\users\tjdtj\onedrive\바탕 화면\모델링에 텍스쳐\debug\gameframework.obj
c:\users\tjdtj\onedrive\바탕 화면\모델링에 텍스쳐\debug\ddstextureloader12.obj
c:\users\tjdtj\onedrive\바탕 화면\모델링에 텍스쳐\debug\camera.obj
c:\users\tjdtj\onedrive\바탕 화면\모델링에 텍스쳐\debug\labproject07-9-1.exe
c:\users\tjdtj\onedrive\바탕 화면\모델링에 텍스쳐\debug\labproject07-9-1.ilk
c:\users\tjdtj\onedrive\바탕 화면\모델링에 텍스쳐\debug\labproject07-9-1.pdb
c:\users\tjdtj\onedrive\바탕 화면\모델링에 텍스쳐\debug\labproject07-9-1.res
c:\users\tjdtj\onedrive\바탕 화면\모델링에 텍스쳐\debug\labproject07-9-1.pch
c:\users\tjdtj\onedrive\바탕 화면\모델링에 텍스쳐\debug\labproject07-9-1.tlog\cl.command.1.tlog
c:\users\tjdtj\onedrive\바탕 화면\모델링에 텍스쳐\debug\labproject07-9-1.tlog\cl.read.1.tlog
c:\users\tjdtj\onedrive\바탕 화면\모델링에 텍스쳐\debug\labproject07-9-1.tlog\cl.write.1.tlog
c:\users\tjdtj\onedrive\바탕 화면\모델링에 텍스쳐\debug\labproject07-9-1.tlog\link.command.1.tlog
c:\users\tjdtj\onedrive\바탕 화면\모델링에 텍스쳐\debug\labproject07-9-1.tlog\link.read.1.tlog
c:\users\tjdtj\onedrive\바탕 화면\모델링에 텍스쳐\debug\labproject07-9-1.tlog\link.write.1.tlog
c:\users\tjdtj\onedrive\바탕 화면\모델링에 텍스쳐\debug\labproject07-9-1.tlog\rc.command.1.tlog
c:\users\tjdtj\onedrive\바탕 화면\모델링에 텍스쳐\debug\labproject07-9-1.tlog\rc.read.1.tlog
c:\users\tjdtj\onedrive\바탕 화면\모델링에 텍스쳐\debug\labproject07-9-1.tlog\rc.write.1.tlog
