  Camera.cpp
c:\users\tjdtj\onedrive\문서\github\direct12_3dgp\성선미-2016180053(3d게임2 과제1)\direct3d_labproject\object.h(256): error C2535: 'void CGameObject::ReleaseUploadBuffers(void)': 멤버 함수를 이미 정의했거나 선언했습니다.
  c:\users\tjdtj\onedrive\문서\github\direct12_3dgp\성선미-2016180053(3d게임2 과제1)\direct3d_labproject\object.h(222): note: 'CGameObject::ReleaseUploadBuffers' 선언을 참조하십시오.
c:\users\tjdtj\onedrive\문서\github\direct12_3dgp\성선미-2016180053(3d게임2 과제1)\direct3d_labproject\object.h(294): error C2011: 'CRotatingObject': 'class' 형식 재정의
  c:\users\tjdtj\onedrive\문서\github\direct12_3dgp\성선미-2016180053(3d게임2 과제1)\direct3d_labproject\object.h(276): note: 'CRotatingObject' 선언을 참조하십시오.
  Direct3D_LabProject.cpp
c:\users\tjdtj\onedrive\문서\github\direct12_3dgp\성선미-2016180053(3d게임2 과제1)\direct3d_labproject\object.h(256): error C2535: 'void CGameObject::ReleaseUploadBuffers(void)': 멤버 함수를 이미 정의했거나 선언했습니다.
  c:\users\tjdtj\onedrive\문서\github\direct12_3dgp\성선미-2016180053(3d게임2 과제1)\direct3d_labproject\object.h(222): note: 'CGameObject::ReleaseUploadBuffers' 선언을 참조하십시오.
c:\users\tjdtj\onedrive\문서\github\direct12_3dgp\성선미-2016180053(3d게임2 과제1)\direct3d_labproject\object.h(294): error C2011: 'CRotatingObject': 'class' 형식 재정의
  c:\users\tjdtj\onedrive\문서\github\direct12_3dgp\성선미-2016180053(3d게임2 과제1)\direct3d_labproject\object.h(276): note: 'CRotatingObject' 선언을 참조하십시오.
  GameFramework.cpp
c:\users\tjdtj\onedrive\문서\github\direct12_3dgp\성선미-2016180053(3d게임2 과제1)\direct3d_labproject\object.h(256): error C2535: 'void CGameObject::ReleaseUploadBuffers(void)': 멤버 함수를 이미 정의했거나 선언했습니다.
  c:\users\tjdtj\onedrive\문서\github\direct12_3dgp\성선미-2016180053(3d게임2 과제1)\direct3d_labproject\object.h(222): note: 'CGameObject::ReleaseUploadBuffers' 선언을 참조하십시오.
c:\users\tjdtj\onedrive\문서\github\direct12_3dgp\성선미-2016180053(3d게임2 과제1)\direct3d_labproject\object.h(294): error C2011: 'CRotatingObject': 'class' 형식 재정의
  c:\users\tjdtj\onedrive\문서\github\direct12_3dgp\성선미-2016180053(3d게임2 과제1)\direct3d_labproject\object.h(276): note: 'CRotatingObject' 선언을 참조하십시오.
  Mesh.cpp
  Object.cpp
c:\users\tjdtj\onedrive\문서\github\direct12_3dgp\성선미-2016180053(3d게임2 과제1)\direct3d_labproject\object.h(256): error C2535: 'void CGameObject::ReleaseUploadBuffers(void)': 멤버 함수를 이미 정의했거나 선언했습니다.
  c:\users\tjdtj\onedrive\문서\github\direct12_3dgp\성선미-2016180053(3d게임2 과제1)\direct3d_labproject\object.h(222): note: 'CGameObject::ReleaseUploadBuffers' 선언을 참조하십시오.
c:\users\tjdtj\onedrive\문서\github\direct12_3dgp\성선미-2016180053(3d게임2 과제1)\direct3d_labproject\object.h(294): error C2011: 'CRotatingObject': 'class' 형식 재정의
  c:\users\tjdtj\onedrive\문서\github\direct12_3dgp\성선미-2016180053(3d게임2 과제1)\direct3d_labproject\object.h(276): note: 'CRotatingObject' 선언을 참조하십시오.
c:\users\tjdtj\onedrive\문서\github\direct12_3dgp\성선미-2016180053(3d게임2 과제1)\direct3d_labproject\object.cpp(181): error C2065: 'm_nMeshes': 선언되지 않은 식별자입니다.
c:\users\tjdtj\onedrive\문서\github\direct12_3dgp\성선미-2016180053(3d게임2 과제1)\direct3d_labproject\object.cpp(182): error C2065: 'm_ppMeshes': 선언되지 않은 식별자입니다.
c:\users\tjdtj\onedrive\문서\github\direct12_3dgp\성선미-2016180053(3d게임2 과제1)\direct3d_labproject\object.cpp(183): error C2065: 'm_nMeshes': 선언되지 않은 식별자입니다.
c:\users\tjdtj\onedrive\문서\github\direct12_3dgp\성선미-2016180053(3d게임2 과제1)\direct3d_labproject\object.cpp(185): error C2065: 'm_ppMeshes': 선언되지 않은 식별자입니다.
c:\users\tjdtj\onedrive\문서\github\direct12_3dgp\성선미-2016180053(3d게임2 과제1)\direct3d_labproject\object.cpp(185): error C2065: 'm_nMeshes': 선언되지 않은 식별자입니다.
c:\users\tjdtj\onedrive\문서\github\direct12_3dgp\성선미-2016180053(3d게임2 과제1)\direct3d_labproject\object.cpp(186): error C2065: 'm_nMeshes': 선언되지 않은 식별자입니다.
c:\users\tjdtj\onedrive\문서\github\direct12_3dgp\성선미-2016180053(3d게임2 과제1)\direct3d_labproject\object.cpp(186): error C2065: 'm_ppMeshes': 선언되지 않은 식별자입니다.
c:\users\tjdtj\onedrive\문서\github\direct12_3dgp\성선미-2016180053(3d게임2 과제1)\direct3d_labproject\object.cpp(194): error C2065: 'm_ppMeshes': 선언되지 않은 식별자입니다.
c:\users\tjdtj\onedrive\문서\github\direct12_3dgp\성선미-2016180053(3d게임2 과제1)\direct3d_labproject\object.cpp(196): error C2065: 'm_nMeshes': 선언되지 않은 식별자입니다.
c:\users\tjdtj\onedrive\문서\github\direct12_3dgp\성선미-2016180053(3d게임2 과제1)\direct3d_labproject\object.cpp(198): error C2065: 'm_ppMeshes': 선언되지 않은 식별자입니다.
c:\users\tjdtj\onedrive\문서\github\direct12_3dgp\성선미-2016180053(3d게임2 과제1)\direct3d_labproject\object.cpp(199): error C2065: 'm_ppMeshes': 선언되지 않은 식별자입니다.
c:\users\tjdtj\onedrive\문서\github\direct12_3dgp\성선미-2016180053(3d게임2 과제1)\direct3d_labproject\object.cpp(201): error C2065: 'm_ppMeshes': 선언되지 않은 식별자입니다.
c:\users\tjdtj\onedrive\문서\github\direct12_3dgp\성선미-2016180053(3d게임2 과제1)\direct3d_labproject\object.cpp(201): error C2541: 'delete': 포인터가 아닌 개체를 삭제할 수 없습니다.
c:\users\tjdtj\onedrive\문서\github\direct12_3dgp\성선미-2016180053(3d게임2 과제1)\direct3d_labproject\object.cpp(208): error C2065: 'm_ppMeshes': 선언되지 않은 식별자입니다.
c:\users\tjdtj\onedrive\문서\github\direct12_3dgp\성선미-2016180053(3d게임2 과제1)\direct3d_labproject\object.cpp(210): error C2065: 'm_ppMeshes': 선언되지 않은 식별자입니다.
c:\users\tjdtj\onedrive\문서\github\direct12_3dgp\성선미-2016180053(3d게임2 과제1)\direct3d_labproject\object.cpp(211): error C2065: 'm_ppMeshes': 선언되지 않은 식별자입니다.
c:\users\tjdtj\onedrive\문서\github\direct12_3dgp\성선미-2016180053(3d게임2 과제1)\direct3d_labproject\object.cpp(281): error C2065: 'm_ppMeshes': 선언되지 않은 식별자입니다.
c:\users\tjdtj\onedrive\문서\github\direct12_3dgp\성선미-2016180053(3d게임2 과제1)\direct3d_labproject\object.cpp(283): error C2065: 'm_nMeshes': 선언되지 않은 식별자입니다.
c:\users\tjdtj\onedrive\문서\github\direct12_3dgp\성선미-2016180053(3d게임2 과제1)\direct3d_labproject\object.cpp(285): error C2065: 'm_ppMeshes': 선언되지 않은 식별자입니다.
c:\users\tjdtj\onedrive\문서\github\direct12_3dgp\성선미-2016180053(3d게임2 과제1)\direct3d_labproject\object.cpp(292): error C2065: 'm_ppMeshes': 선언되지 않은 식별자입니다.
c:\users\tjdtj\onedrive\문서\github\direct12_3dgp\성선미-2016180053(3d게임2 과제1)\direct3d_labproject\object.cpp(294): error C2065: 'm_nMeshes': 선언되지 않은 식별자입니다.
c:\users\tjdtj\onedrive\문서\github\direct12_3dgp\성선미-2016180053(3d게임2 과제1)\direct3d_labproject\object.cpp(296): error C2065: 'm_ppMeshes': 선언되지 않은 식별자입니다.
c:\users\tjdtj\onedrive\문서\github\direct12_3dgp\성선미-2016180053(3d게임2 과제1)\direct3d_labproject\object.cpp(373): error C2027: 정의되지 않은 형식 'CRotatingObject'을(를) 사용했습니다.
  c:\users\tjdtj\onedrive\문서\github\direct12_3dgp\성선미-2016180053(3d게임2 과제1)\direct3d_labproject\object.h(276): note: 'CRotatingObject' 선언을 참조하십시오.
c:\users\tjdtj\onedrive\문서\github\direct12_3dgp\성선미-2016180053(3d게임2 과제1)\direct3d_labproject\object.cpp(374): error C4430: 형식 지정자가 없습니다. int로 가정합니다. 참고: C++에서는 기본 int를 지원하지 않습니다.
c:\users\tjdtj\onedrive\문서\github\direct12_3dgp\성선미-2016180053(3d게임2 과제1)\direct3d_labproject\object.cpp(375): error C2065: 'm_xmf3RotationAxis': 선언되지 않은 식별자입니다.
c:\users\tjdtj\onedrive\문서\github\direct12_3dgp\성선미-2016180053(3d게임2 과제1)\direct3d_labproject\object.cpp(376): error C2065: 'm_fRotationSpeed': 선언되지 않은 식별자입니다.
c:\users\tjdtj\onedrive\문서\github\direct12_3dgp\성선미-2016180053(3d게임2 과제1)\direct3d_labproject\object.cpp(377): warning C4508: '{ctor}': 함수는 값을 반환해야 하므로 'void' 반환 형식으로 간주됩니다.
c:\users\tjdtj\onedrive\문서\github\direct12_3dgp\성선미-2016180053(3d게임2 과제1)\direct3d_labproject\object.cpp(379): error C2027: 정의되지 않은 형식 'CRotatingObject'을(를) 사용했습니다.
  c:\users\tjdtj\onedrive\문서\github\direct12_3dgp\성선미-2016180053(3d게임2 과제1)\direct3d_labproject\object.h(276): note: 'CRotatingObject' 선언을 참조하십시오.
c:\users\tjdtj\onedrive\문서\github\direct12_3dgp\성선미-2016180053(3d게임2 과제1)\direct3d_labproject\object.cpp(380): error C4430: 형식 지정자가 없습니다. int로 가정합니다. 참고: C++에서는 기본 int를 지원하지 않습니다.
c:\users\tjdtj\onedrive\문서\github\direct12_3dgp\성선미-2016180053(3d게임2 과제1)\direct3d_labproject\object.cpp(381): warning C4508: '{dtor}': 함수는 값을 반환해야 하므로 'void' 반환 형식으로 간주됩니다.
c:\users\tjdtj\onedrive\문서\github\direct12_3dgp\성선미-2016180053(3d게임2 과제1)\direct3d_labproject\object.cpp(383): error C2027: 정의되지 않은 형식 'CRotatingObject'을(를) 사용했습니다.
  c:\users\tjdtj\onedrive\문서\github\direct12_3dgp\성선미-2016180053(3d게임2 과제1)\direct3d_labproject\object.h(276): note: 'CRotatingObject' 선언을 참조하십시오.
c:\users\tjdtj\onedrive\문서\github\direct12_3dgp\성선미-2016180053(3d게임2 과제1)\direct3d_labproject\object.cpp(385): error C2065: 'm_xmf3RotationAxis': 선언되지 않은 식별자입니다.
c:\users\tjdtj\onedrive\문서\github\direct12_3dgp\성선미-2016180053(3d게임2 과제1)\direct3d_labproject\object.cpp(385): error C2065: 'm_fRotationSpeed': 선언되지 않은 식별자입니다.
c:\users\tjdtj\onedrive\문서\github\direct12_3dgp\성선미-2016180053(3d게임2 과제1)\direct3d_labproject\object.cpp(388): error C2027: 정의되지 않은 형식 'CRotatingObject'을(를) 사용했습니다.
  c:\users\tjdtj\onedrive\문서\github\direct12_3dgp\성선미-2016180053(3d게임2 과제1)\direct3d_labproject\object.h(276): note: 'CRotatingObject' 선언을 참조하십시오.
c:\users\tjdtj\onedrive\문서\github\direct12_3dgp\성선미-2016180053(3d게임2 과제1)\direct3d_labproject\object.cpp(390): error C2352: 'CGameObject::Render': 비정적 멤버 함수를 잘못 호출했습니다.
  c:\users\tjdtj\onedrive\문서\github\direct12_3dgp\성선미-2016180053(3d게임2 과제1)\direct3d_labproject\object.cpp(260): note: 'CGameObject::Render' 선언을 참조하십시오.
c:\users\tjdtj\onedrive\문서\github\direct12_3dgp\성선미-2016180053(3d게임2 과제1)\direct3d_labproject\object.cpp(396): error C2511: 'CRevolvingObject::CRevolvingObject(int)': 오버로드된 멤버 함수가 'CRevolvingObject'에 없습니다.
  c:\users\tjdtj\onedrive\문서\github\direct12_3dgp\성선미-2016180053(3d게임2 과제1)\direct3d_labproject\object.h(312): note: 'CRevolvingObject' 선언을 참조하십시오.
c:\users\tjdtj\onedrive\문서\github\direct12_3dgp\성선미-2016180053(3d게임2 과제1)\direct3d_labproject\object.cpp(397): error C2597: 비정적 멤버 'CRevolvingObject::m_xmf3RevolutionAxis'에 대한 참조가 잘못되었습니다.
c:\users\tjdtj\onedrive\문서\github\direct12_3dgp\성선미-2016180053(3d게임2 과제1)\direct3d_labproject\object.cpp(398): error C2597: 비정적 멤버 'CRevolvingObject::m_fRevolutionSpeed'에 대한 참조가 잘못되었습니다.
c:\users\tjdtj\onedrive\문서\github\direct12_3dgp\성선미-2016180053(3d게임2 과제1)\direct3d_labproject\object.cpp(406): error C2511: 'void CRevolvingObject::Animate(float)': 오버로드된 멤버 함수가 'CRevolvingObject'에 없습니다.
  c:\users\tjdtj\onedrive\문서\github\direct12_3dgp\성선미-2016180053(3d게임2 과제1)\direct3d_labproject\object.h(312): note: 'CRevolvingObject' 선언을 참조하십시오.
c:\users\tjdtj\onedrive\문서\github\direct12_3dgp\성선미-2016180053(3d게임2 과제1)\direct3d_labproject\object.cpp(407): error C2597: 비정적 멤버 'CRevolvingObject::m_xmf3RevolutionAxis'에 대한 참조가 잘못되었습니다.
c:\users\tjdtj\onedrive\문서\github\direct12_3dgp\성선미-2016180053(3d게임2 과제1)\direct3d_labproject\object.cpp(407): error C2664: 'DirectX::XMVECTOR DirectX::XMLoadFloat3(const DirectX::XMFLOAT3 *)': 인수 1을(를) 'DirectX::XMFLOAT3 CRevolvingObject::* '에서 'const DirectX::XMFLOAT3 *'(으)로 변환할 수 없습니다.
  c:\users\tjdtj\onedrive\문서\github\direct12_3dgp\성선미-2016180053(3d게임2 과제1)\direct3d_labproject\object.cpp(407): note: 이 변환이 가능한 컨텍스트가 없습니다.
c:\users\tjdtj\onedrive\문서\github\direct12_3dgp\성선미-2016180053(3d게임2 과제1)\direct3d_labproject\object.cpp(407): error C2597: 비정적 멤버 'CRevolvingObject::m_fRevolutionSpeed'에 대한 참조가 잘못되었습니다.
c:\users\tjdtj\onedrive\문서\github\direct12_3dgp\성선미-2016180053(3d게임2 과제1)\direct3d_labproject\object.cpp(407): error C3867: 'CRevolvingObject::m_fRevolutionSpeed': 비표준 구문입니다. '&'를 사용하여 멤버 포인터를 만드세요.
c:\users\tjdtj\onedrive\문서\github\direct12_3dgp\성선미-2016180053(3d게임2 과제1)\direct3d_labproject\object.cpp(408): error C2597: 비정적 멤버 'CGameObject::m_xmf4x4World'에 대한 참조가 잘못되었습니다.
c:\users\tjdtj\onedrive\문서\github\direct12_3dgp\성선미-2016180053(3d게임2 과제1)\direct3d_labproject\object.cpp(431): error C2065: 'm_nMeshes': 선언되지 않은 식별자입니다.
c:\users\tjdtj\onedrive\문서\github\direct12_3dgp\성선미-2016180053(3d게임2 과제1)\direct3d_labproject\object.cpp(432): error C2065: 'm_ppMeshes': 선언되지 않은 식별자입니다.
c:\users\tjdtj\onedrive\문서\github\direct12_3dgp\성선미-2016180053(3d게임2 과제1)\direct3d_labproject\object.cpp(432): error C2065: 'm_nMeshes': 선언되지 않은 식별자입니다.
c:\users\tjdtj\onedrive\문서\github\direct12_3dgp\성선미-2016180053(3d게임2 과제1)\direct3d_labproject\object.cpp(433): error C2065: 'm_nMeshes': 선언되지 않은 식별자입니다.
c:\users\tjdtj\onedrive\문서\github\direct12_3dgp\성선미-2016180053(3d게임2 과제1)\direct3d_labproject\object.cpp(433): error C2065: 'm_ppMeshes': 선언되지 않은 식별자입니다.
  Player.cpp
c:\users\tjdtj\onedrive\문서\github\direct12_3dgp\성선미-2016180053(3d게임2 과제1)\direct3d_labproject\object.h(256): error C2535: 'void CGameObject::ReleaseUploadBuffers(void)': 멤버 함수를 이미 정의했거나 선언했습니다.
  c:\users\tjdtj\onedrive\문서\github\direct12_3dgp\성선미-2016180053(3d게임2 과제1)\direct3d_labproject\object.h(222): note: 'CGameObject::ReleaseUploadBuffers' 선언을 참조하십시오.
c:\users\tjdtj\onedrive\문서\github\direct12_3dgp\성선미-2016180053(3d게임2 과제1)\direct3d_labproject\object.h(294): error C2011: 'CRotatingObject': 'class' 형식 재정의
  c:\users\tjdtj\onedrive\문서\github\direct12_3dgp\성선미-2016180053(3d게임2 과제1)\direct3d_labproject\object.h(276): note: 'CRotatingObject' 선언을 참조하십시오.
  Scene.cpp
c:\users\tjdtj\onedrive\문서\github\direct12_3dgp\성선미-2016180053(3d게임2 과제1)\direct3d_labproject\object.h(256): error C2535: 'void CGameObject::ReleaseUploadBuffers(void)': 멤버 함수를 이미 정의했거나 선언했습니다.
  c:\users\tjdtj\onedrive\문서\github\direct12_3dgp\성선미-2016180053(3d게임2 과제1)\direct3d_labproject\object.h(222): note: 'CGameObject::ReleaseUploadBuffers' 선언을 참조하십시오.
c:\users\tjdtj\onedrive\문서\github\direct12_3dgp\성선미-2016180053(3d게임2 과제1)\direct3d_labproject\object.h(294): error C2011: 'CRotatingObject': 'class' 형식 재정의
  c:\users\tjdtj\onedrive\문서\github\direct12_3dgp\성선미-2016180053(3d게임2 과제1)\direct3d_labproject\object.h(276): note: 'CRotatingObject' 선언을 참조하십시오.
  Shader.cpp
c:\users\tjdtj\onedrive\문서\github\direct12_3dgp\성선미-2016180053(3d게임2 과제1)\direct3d_labproject\object.h(256): error C2535: 'void CGameObject::ReleaseUploadBuffers(void)': 멤버 함수를 이미 정의했거나 선언했습니다.
  c:\users\tjdtj\onedrive\문서\github\direct12_3dgp\성선미-2016180053(3d게임2 과제1)\direct3d_labproject\object.h(222): note: 'CGameObject::ReleaseUploadBuffers' 선언을 참조하십시오.
c:\users\tjdtj\onedrive\문서\github\direct12_3dgp\성선미-2016180053(3d게임2 과제1)\direct3d_labproject\object.h(294): error C2011: 'CRotatingObject': 'class' 형식 재정의
  c:\users\tjdtj\onedrive\문서\github\direct12_3dgp\성선미-2016180053(3d게임2 과제1)\direct3d_labproject\object.h(276): note: 'CRotatingObject' 선언을 참조하십시오.
c:\users\tjdtj\onedrive\문서\github\direct12_3dgp\성선미-2016180053(3d게임2 과제1)\direct3d_labproject\shader.cpp(398): error C2027: 정의되지 않은 형식 'CRotatingObject'을(를) 사용했습니다.
  c:\users\tjdtj\onedrive\문서\github\direct12_3dgp\성선미-2016180053(3d게임2 과제1)\direct3d_labproject\object.h(276): note: 'CRotatingObject' 선언을 참조하십시오.
c:\users\tjdtj\onedrive\문서\github\direct12_3dgp\성선미-2016180053(3d게임2 과제1)\direct3d_labproject\shader.cpp(399): error C2027: 정의되지 않은 형식 'CRotatingObject'을(를) 사용했습니다.
  c:\users\tjdtj\onedrive\문서\github\direct12_3dgp\성선미-2016180053(3d게임2 과제1)\direct3d_labproject\object.h(276): note: 'CRotatingObject' 선언을 참조하십시오.
c:\users\tjdtj\onedrive\문서\github\direct12_3dgp\성선미-2016180053(3d게임2 과제1)\direct3d_labproject\shader.cpp(406): error C2027: 정의되지 않은 형식 'CRotatingObject'을(를) 사용했습니다.
  c:\users\tjdtj\onedrive\문서\github\direct12_3dgp\성선미-2016180053(3d게임2 과제1)\direct3d_labproject\object.h(276): note: 'CRotatingObject' 선언을 참조하십시오.
c:\users\tjdtj\onedrive\문서\github\direct12_3dgp\성선미-2016180053(3d게임2 과제1)\direct3d_labproject\shader.cpp(413): error C2027: 정의되지 않은 형식 'CRotatingObject'을(를) 사용했습니다.
  c:\users\tjdtj\onedrive\문서\github\direct12_3dgp\성선미-2016180053(3d게임2 과제1)\direct3d_labproject\object.h(276): note: 'CRotatingObject' 선언을 참조하십시오.
c:\users\tjdtj\onedrive\문서\github\direct12_3dgp\성선미-2016180053(3d게임2 과제1)\direct3d_labproject\shader.cpp(415): error C2027: 정의되지 않은 형식 'CRotatingObject'을(를) 사용했습니다.
  c:\users\tjdtj\onedrive\문서\github\direct12_3dgp\성선미-2016180053(3d게임2 과제1)\direct3d_labproject\object.h(276): note: 'CRotatingObject' 선언을 참조하십시오.
c:\users\tjdtj\onedrive\문서\github\direct12_3dgp\성선미-2016180053(3d게임2 과제1)\direct3d_labproject\shader.cpp(416): error C2027: 정의되지 않은 형식 'CRotatingObject'을(를) 사용했습니다.
  c:\users\tjdtj\onedrive\문서\github\direct12_3dgp\성선미-2016180053(3d게임2 과제1)\direct3d_labproject\object.h(276): note: 'CRotatingObject' 선언을 참조하십시오.
c:\users\tjdtj\onedrive\문서\github\direct12_3dgp\성선미-2016180053(3d게임2 과제1)\direct3d_labproject\shader.cpp(417): error C2027: 정의되지 않은 형식 'CRotatingObject'을(를) 사용했습니다.
  c:\users\tjdtj\onedrive\문서\github\direct12_3dgp\성선미-2016180053(3d게임2 과제1)\direct3d_labproject\object.h(276): note: 'CRotatingObject' 선언을 참조하십시오.
  코드를 생성하고 있습니다...
